TN:
SF:src\App.jsx
FN:22,(anonymous_0)
FN:23,(anonymous_1)
FN:28,(anonymous_2)
FN:29,(anonymous_3)
FN:33,(anonymous_4)
FN:35,(anonymous_5)
FN:38,(anonymous_6)
FNF:7
FNH:0
FNDA:0,(anonymous_0)
FNDA:0,(anonymous_1)
FNDA:0,(anonymous_2)
FNDA:0,(anonymous_3)
FNDA:0,(anonymous_4)
FNDA:0,(anonymous_5)
FNDA:0,(anonymous_6)
DA:22,0
DA:23,0
DA:24,0
DA:28,0
DA:29,0
DA:30,0
DA:33,0
DA:34,0
DA:35,0
DA:38,0
DA:39,0
DA:40,0
DA:44,0
LF:13
LH:0
BRDA:24,0,0,0
BRDA:24,0,1,0
BRDA:30,1,0,0
BRDA:30,1,1,0
BRDA:39,2,0,0
BRDA:39,2,1,0
BRF:6
BRH:0
end_of_record
TN:
SF:src\api\adminApi.js
FN:4,(anonymous_0)
FN:5,(anonymous_1)
FN:6,(anonymous_2)
FNF:3
FNH:0
FNDA:0,(anonymous_0)
FNDA:0,(anonymous_1)
FNDA:0,(anonymous_2)
DA:3,0
DA:4,0
DA:5,0
DA:6,0
LF:4
LH:0
BRF:0
BRH:0
end_of_record
TN:
SF:src\api\authApi.js
FN:4,(anonymous_0)
FN:5,(anonymous_1)
FN:6,(anonymous_2)
FN:7,(anonymous_3)
FN:8,(anonymous_4)
FN:9,(anonymous_5)
FN:10,(anonymous_6)
FNF:7
FNH:0
FNDA:0,(anonymous_0)
FNDA:0,(anonymous_1)
FNDA:0,(anonymous_2)
FNDA:0,(anonymous_3)
FNDA:0,(anonymous_4)
FNDA:0,(anonymous_5)
FNDA:0,(anonymous_6)
DA:3,0
DA:4,0
DA:5,0
DA:6,0
DA:7,0
DA:8,0
DA:9,0
DA:10,0
LF:8
LH:0
BRF:0
BRH:0
end_of_record
TN:
SF:src\api\axiosClient.js
FN:10,(anonymous_0)
FN:18,(anonymous_1)
FN:19,(anonymous_2)
FNF:3
FNH:0
FNDA:0,(anonymous_0)
FNDA:0,(anonymous_1)
FNDA:0,(anonymous_2)
DA:3,0
DA:10,0
DA:11,0
DA:12,0
DA:13,0
DA:17,0
DA:18,0
DA:20,0
DA:21,0
DA:22,0
DA:23,0
DA:24,0
DA:25,0
DA:28,0
DA:29,0
DA:30,0
DA:32,0
DA:33,0
DA:36,0
LF:19
LH:0
BRDA:4,0,0,0
BRDA:4,0,1,0
BRDA:12,1,0,0
BRDA:12,1,1,0
BRDA:21,2,0,0
BRDA:21,2,1,0
BRDA:21,3,0,0
BRDA:21,3,1,0
BRF:8
BRH:0
end_of_record
TN:
SF:src\api\learningApi.js
FN:5,(anonymous_0)
FN:6,(anonymous_1)
FN:7,(anonymous_2)
FN:8,(anonymous_3)
FN:9,(anonymous_4)
FN:10,(anonymous_5)
FN:11,(anonymous_6)
FN:14,(anonymous_7)
FN:15,(anonymous_8)
FN:16,(anonymous_9)
FN:19,(anonymous_10)
FN:20,(anonymous_11)
FN:21,(anonymous_12)
FN:22,(anonymous_13)
FN:25,(anonymous_14)
FN:26,(anonymous_15)
FN:27,(anonymous_16)
FNF:17
FNH:0
FNDA:0,(anonymous_0)
FNDA:0,(anonymous_1)
FNDA:0,(anonymous_2)
FNDA:0,(anonymous_3)
FNDA:0,(anonymous_4)
FNDA:0,(anonymous_5)
FNDA:0,(anonymous_6)
FNDA:0,(anonymous_7)
FNDA:0,(anonymous_8)
FNDA:0,(anonymous_9)
FNDA:0,(anonymous_10)
FNDA:0,(anonymous_11)
FNDA:0,(anonymous_12)
FNDA:0,(anonymous_13)
FNDA:0,(anonymous_14)
FNDA:0,(anonymous_15)
FNDA:0,(anonymous_16)
DA:3,0
DA:5,0
DA:6,0
DA:7,0
DA:8,0
DA:9,0
DA:10,0
DA:11,0
DA:14,0
DA:15,0
DA:16,0
DA:19,0
DA:20,0
DA:21,0
DA:22,0
DA:25,0
DA:26,0
DA:27,0
LF:18
LH:0
BRDA:21,0,0,0
BRF:1
BRH:0
end_of_record
TN:
SF:src\api\vocabularyApi.js
FN:5,(anonymous_0)
FN:6,(anonymous_1)
FN:7,(anonymous_2)
FN:8,(anonymous_3)
FN:9,(anonymous_4)
FN:10,(anonymous_5)
FN:11,(anonymous_6)
FN:16,(anonymous_7)
FN:17,(anonymous_8)
FN:18,(anonymous_9)
FN:19,(anonymous_10)
FN:20,(anonymous_11)
FN:21,(anonymous_12)
FN:22,(anonymous_13)
FN:26,(anonymous_14)
FNF:15
FNH:0
FNDA:0,(anonymous_0)
FNDA:0,(anonymous_1)
FNDA:0,(anonymous_2)
FNDA:0,(anonymous_3)
FNDA:0,(anonymous_4)
FNDA:0,(anonymous_5)
FNDA:0,(anonymous_6)
FNDA:0,(anonymous_7)
FNDA:0,(anonymous_8)
FNDA:0,(anonymous_9)
FNDA:0,(anonymous_10)
FNDA:0,(anonymous_11)
FNDA:0,(anonymous_12)
FNDA:0,(anonymous_13)
FNDA:0,(anonymous_14)
DA:3,0
DA:5,0
DA:6,0
DA:7,0
DA:8,0
DA:9,0
DA:10,0
DA:11,0
DA:16,0
DA:17,0
DA:18,0
DA:19,0
DA:20,0
DA:21,0
DA:23,0
DA:26,0
LF:16
LH:0
BRF:0
BRH:0
end_of_record
TN:
SF:src\components\layout\AuthShell.jsx
FN:15,(anonymous_0)
FN:107,(anonymous_1)
FN:121,(anonymous_2)
FN:150,(anonymous_3)
FNF:4
FNH:3
FNDA:45,(anonymous_0)
FNDA:180,(anonymous_1)
FNDA:0,(anonymous_2)
FNDA:45,(anonymous_3)
DA:6,1
DA:15,1
DA:16,45
DA:108,180
DA:121,1
DA:122,0
DA:150,1
DA:155,45
DA:156,45
DA:158,45
LF:10
LH:9
BRDA:99,0,0,45
BRDA:99,0,1,45
BRDA:151,1,0,45
BRDA:173,2,0,45
BRDA:173,2,1,0
BRF:5
BRH:4
end_of_record
TN:
SF:src\components\layout\Header.jsx
FN:26,(anonymous_0)
FN:30,(anonymous_1)
FN:40,(anonymous_2)
FN:41,(anonymous_3)
FN:42,(anonymous_4)
FN:43,(anonymous_5)
FN:45,(anonymous_6)
FN:61,(anonymous_7)
FN:158,(anonymous_8)
FNF:9
FNH:0
FNDA:0,(anonymous_0)
FNDA:0,(anonymous_1)
FNDA:0,(anonymous_2)
FNDA:0,(anonymous_3)
FNDA:0,(anonymous_4)
FNDA:0,(anonymous_5)
FNDA:0,(anonymous_6)
FNDA:0,(anonymous_7)
FNDA:0,(anonymous_8)
DA:18,0
DA:26,0
DA:27,0
DA:28,0
DA:29,0
DA:30,0
DA:31,0
DA:32,0
DA:34,0
DA:35,0
DA:37,0
DA:38,0
DA:40,0
DA:41,0
DA:42,0
DA:43,0
DA:45,0
DA:46,0
DA:47,0
DA:48,0
DA:51,0
DA:61,0
DA:158,0
LF:23
LH:0
BRDA:37,0,0,0
BRDA:37,0,1,0
BRDA:66,1,0,0
BRDA:66,1,1,0
BRDA:106,2,0,0
BRDA:106,2,1,0
BRDA:150,3,0,0
BRDA:150,3,1,0
BRF:8
BRH:0
end_of_record
TN:
SF:src\components\layout\MainLayout.jsx
FN:10,(anonymous_0)
FN:26,(anonymous_1)
FN:43,(anonymous_2)
FNF:3
FNH:0
FNDA:0,(anonymous_0)
FNDA:0,(anonymous_1)
FNDA:0,(anonymous_2)
DA:8,0
DA:10,0
DA:11,0
DA:12,0
DA:13,0
DA:15,0
DA:26,0
DA:43,0
LF:8
LH:0
BRDA:22,0,0,0
BRDA:22,0,1,0
BRF:2
BRH:0
end_of_record
TN:
SF:src\components\layout\Sidebar.jsx
FN:34,(anonymous_0)
FN:36,(anonymous_1)
FN:38,(anonymous_2)
FN:96,(anonymous_3)
FN:229,(anonymous_4)
FNF:5
FNH:0
FNDA:0,(anonymous_0)
FNDA:0,(anonymous_1)
FNDA:0,(anonymous_2)
FNDA:0,(anonymous_3)
FNDA:0,(anonymous_4)
DA:19,0
DA:21,0
DA:30,0
DA:34,0
DA:36,0
DA:37,0
DA:38,0
DA:40,0
DA:45,0
DA:46,0
DA:47,0
DA:48,0
DA:49,0
DA:50,0
DA:54,0
DA:97,0
DA:101,0
DA:229,0
DA:230,0
DA:231,0
DA:245,0
LF:21
LH:0
BRDA:42,0,0,0
BRDA:42,0,1,0
BRDA:45,1,0,0
BRDA:45,1,1,0
BRDA:46,2,0,0
BRDA:46,2,1,0
BRDA:47,3,0,0
BRDA:47,3,1,0
BRDA:50,4,0,0
BRDA:50,4,1,0
BRDA:97,5,0,0
BRDA:97,5,1,0
BRDA:112,6,0,0
BRDA:112,6,1,0
BRDA:113,7,0,0
BRDA:113,7,1,0
BRDA:116,8,0,0
BRDA:116,8,1,0
BRDA:129,9,0,0
BRDA:129,9,1,0
BRDA:134,10,0,0
BRDA:134,10,1,0
BRDA:151,11,0,0
BRDA:151,11,1,0
BRDA:162,12,0,0
BRDA:162,12,1,0
BRDA:209,13,0,0
BRDA:209,13,1,0
BRDA:229,14,0,0
BRDA:230,15,0,0
BRDA:230,15,1,0
BRF:31
BRH:0
end_of_record
TN:
SF:src\components\ui\SbAvatar.jsx
FN:19,(anonymous_0)
FN:22,(anonymous_1)
FN:25,(anonymous_2)
FN:27,(anonymous_3)
FNF:4
FNH:0
FNDA:0,(anonymous_0)
FNDA:0,(anonymous_1)
FNDA:0,(anonymous_2)
FNDA:0,(anonymous_3)
DA:13,3
DA:19,3
DA:20,0
DA:21,0
DA:22,0
DA:25,3
DA:27,3
DA:35,0
DA:36,0
DA:37,0
DA:38,0
DA:39,0
DA:40,0
DA:45,0
DA:131,0
DA:135,0
DA:137,0
LF:17
LH:4
BRDA:20,0,0,0
BRDA:20,0,1,0
BRDA:21,1,0,0
BRDA:21,1,1,0
BRDA:21,1,2,0
BRDA:22,2,0,0
BRDA:22,2,1,0
BRDA:29,3,0,0
BRDA:30,4,0,0
BRDA:31,5,0,0
BRDA:35,6,0,0
BRDA:35,6,1,0
BRDA:36,7,0,0
BRDA:36,7,1,0
BRDA:37,8,0,0
BRDA:37,8,1,0
BRDA:40,9,0,0
BRDA:40,9,1,0
BRDA:48,10,0,0
BRDA:48,10,1,0
BRDA:49,11,0,0
BRDA:49,11,1,0
BRDA:54,12,0,0
BRDA:54,12,1,0
BRDA:105,13,0,0
BRDA:105,13,1,0
BRDA:131,14,0,0
BRDA:131,14,1,0
BRDA:135,15,0,0
BRDA:135,15,1,0
BRF:30
BRH:0
end_of_record
TN:
SF:src\components\ui\SbBadge.jsx
FN:23,(anonymous_0)
FN:29,(anonymous_1)
FN:36,(anonymous_2)
FN:43,(anonymous_3)
FN:47,(anonymous_4)
FN:88,(anonymous_5)
FNF:6
FNH:1
FNDA:0,(anonymous_0)
FNDA:0,(anonymous_1)
FNDA:0,(anonymous_2)
FNDA:0,(anonymous_3)
FNDA:14,(anonymous_4)
FNDA:0,(anonymous_5)
DA:18,3
DA:23,0
DA:29,0
DA:36,0
DA:43,0
DA:47,3
DA:54,14
DA:55,14
DA:57,14
DA:88,3
DA:89,0
LF:11
LH:6
BRDA:48,0,0,14
BRDA:51,1,0,14
BRDA:55,2,0,14
BRDA:55,2,1,0
BRDA:55,3,0,0
BRDA:55,3,1,0
BRDA:65,4,0,14
BRDA:65,4,1,0
BRDA:67,5,0,14
BRDA:67,5,1,0
BRDA:68,6,0,14
BRDA:68,6,1,0
BRDA:69,7,0,14
BRDA:69,7,1,0
BRDA:70,8,0,14
BRDA:70,8,1,14
BRDA:90,9,0,0
BRDA:90,9,1,0
BRDA:91,10,0,0
BRDA:91,10,1,0
BRDA:92,11,0,0
BRDA:92,11,1,0
BRF:22
BRH:9
end_of_record
TN:
SF:src\components\ui\SbButton.jsx
FN:57,(anonymous_0)
FNF:1
FNH:1
FNDA:122,(anonymous_0)
DA:14,3
DA:57,3
DA:67,122
DA:69,122
LF:4
LH:4
BRDA:58,0,0,122
BRDA:59,1,0,122
BRDA:67,2,0,122
BRDA:67,2,1,0
BRDA:72,3,0,122
BRDA:72,3,1,122
BRDA:73,4,0,2
BRDA:73,4,1,120
BRF:8
BRH:7
end_of_record
TN:
SF:src\components\ui\SbCard.jsx
FN:32,(anonymous_0)
FNF:1
FNH:1
FNDA:59,(anonymous_0)
DA:13,3
DA:32,3
DA:40,59
DA:42,59
LF:4
LH:4
BRDA:33,0,0,59
BRDA:34,1,0,59
BRDA:40,2,0,59
BRDA:40,2,1,0
BRDA:54,3,0,0
BRDA:54,3,1,59
BRF:6
BRH:4
end_of_record
TN:
SF:src\components\ui\SbInput.jsx
FN:13,(anonymous_0)
FN:23,(anonymous_1)
FNF:2
FNH:2
FNDA:90,(anonymous_0)
FNDA:90,(anonymous_1)
DA:13,3
DA:23,90
DA:24,90
DA:25,86
DA:26,86
DA:29,90
LF:6
LH:6
BRDA:24,0,0,4
BRDA:24,0,1,86
BRDA:25,1,0,0
BRDA:25,1,1,86
BRDA:37,2,0,90
BRDA:37,2,1,90
BRDA:40,3,0,90
BRDA:40,3,1,45
BRDA:49,4,0,4
BRDA:49,4,1,86
BRDA:51,5,0,4
BRDA:51,5,1,86
BRDA:54,6,0,4
BRDA:54,6,1,86
BRDA:60,7,0,4
BRDA:60,7,1,86
BRF:16
BRH:15
end_of_record
TN:
SF:src\components\ui\index.js
FNF:0
FNH:0
LF:0
LH:0
BRF:0
BRH:0
end_of_record
TN:
SF:src\features\auth\authSlice.js
FN:6,(anonymous_0)
FN:15,(anonymous_1)
FN:21,(anonymous_2)
FN:31,(anonymous_3)
FN:44,(anonymous_4)
FN:66,(anonymous_5)
FN:72,(anonymous_6)
FN:76,(anonymous_7)
FN:80,(anonymous_8)
FN:83,(anonymous_9)
FN:87,(anonymous_10)
FN:92,(anonymous_11)
FN:98,(anonymous_12)
FN:101,(anonymous_13)
FNF:14
FNH:11
FNDA:4,(anonymous_0)
FNDA:2,(anonymous_1)
FNDA:1,(anonymous_2)
FNDA:4,(anonymous_3)
FNDA:0,(anonymous_4)
FNDA:1,(anonymous_5)
FNDA:3,(anonymous_6)
FNDA:32,(anonymous_7)
FNDA:4,(anonymous_8)
FNDA:4,(anonymous_9)
FNDA:2,(anonymous_10)
FNDA:1,(anonymous_11)
FNDA:0,(anonymous_12)
FNDA:0,(anonymous_13)
DA:6,4
DA:7,4
DA:8,4
DA:9,4
DA:11,0
DA:15,4
DA:16,2
DA:17,2
DA:18,2
DA:21,4
DA:22,1
DA:23,1
DA:24,1
DA:29,4
DA:32,4
DA:33,4
DA:34,2
DA:35,2
DA:37,1
DA:42,4
DA:45,0
DA:46,0
DA:47,0
DA:48,0
DA:50,0
DA:57,4
DA:67,1
DA:68,1
DA:69,1
DA:70,1
DA:73,3
DA:74,3
DA:77,32
DA:81,4
DA:84,4
DA:85,4
DA:88,2
DA:89,2
DA:90,2
DA:93,1
DA:94,1
DA:99,0
DA:103,0
DA:104,0
DA:105,0
DA:110,4
LF:46
LH:36
BRDA:9,0,0,0
BRDA:9,0,1,4
BRDA:18,1,0,2
BRDA:18,1,1,0
BRDA:90,2,0,2
BRDA:90,2,1,0
BRF:6
BRH:3
end_of_record
TN:
SF:src\features\learning\learningSlice.js
FNF:0
FNH:0
DA:3,3
DA:5,3
LF:2
LH:2
BRF:0
BRH:0
end_of_record
TN:
SF:src\features\quiz\quizSlice.js
FNF:0
FNH:0
DA:3,3
DA:5,3
LF:2
LH:2
BRF:0
BRH:0
end_of_record
TN:
SF:src\features\vocabulary\vocabularySlice.js
FNF:0
FNH:0
DA:3,3
DA:5,3
LF:2
LH:2
BRF:0
BRH:0
end_of_record
TN:
SF:src\pages\AdminPage.jsx
FN:31,(anonymous_0)
FN:48,(anonymous_1)
FN:49,(anonymous_2)
FN:62,(anonymous_3)
FN:69,(anonymous_4)
FN:69,(anonymous_5)
FN:75,(anonymous_6)
FN:75,(anonymous_7)
FN:82,(anonymous_8)
FN:83,(anonymous_9)
FN:86,(anonymous_10)
FN:107,(anonymous_11)
FN:126,(anonymous_12)
FN:131,(anonymous_13)
FN:142,(anonymous_14)
FN:159,(anonymous_15)
FN:171,(anonymous_16)
FN:173,(anonymous_17)
FNF:18
FNH:0
FNDA:0,(anonymous_0)
FNDA:0,(anonymous_1)
FNDA:0,(anonymous_2)
FNDA:0,(anonymous_3)
FNDA:0,(anonymous_4)
FNDA:0,(anonymous_5)
FNDA:0,(anonymous_6)
FNDA:0,(anonymous_7)
FNDA:0,(anonymous_8)
FNDA:0,(anonymous_9)
FNDA:0,(anonymous_10)
FNDA:0,(anonymous_11)
FNDA:0,(anonymous_12)
FNDA:0,(anonymous_13)
FNDA:0,(anonymous_14)
FNDA:0,(anonymous_15)
FNDA:0,(anonymous_16)
FNDA:0,(anonymous_17)
DA:23,0
DA:31,0
DA:32,0
DA:48,0
DA:49,0
DA:50,0
DA:51,0
DA:53,0
DA:54,0
DA:57,0
DA:58,0
DA:62,0
DA:67,0
DA:69,0
DA:73,0
DA:75,0
DA:79,0
DA:81,0
DA:82,0
DA:83,0
DA:86,0
DA:87,0
DA:88,0
DA:89,0
DA:92,0
DA:107,0
DA:126,0
DA:131,0
DA:142,0
DA:160,0
DA:161,0
DA:171,0
DA:174,0
LF:33
LH:0
BRDA:39,0,0,0
BRDA:39,0,1,0
BRDA:57,1,0,0
BRDA:57,1,1,0
BRDA:75,2,0,0
BRDA:75,2,1,0
BRDA:75,3,0,0
BRDA:75,3,1,0
BRDA:79,4,0,0
BRDA:79,4,1,0
BRDA:79,4,2,0
BRDA:87,5,0,0
BRDA:87,5,1,0
BRDA:105,6,0,0
BRDA:105,6,1,0
BRDA:114,7,0,0
BRDA:114,7,1,0
BRDA:140,8,0,0
BRDA:140,8,1,0
BRDA:160,9,0,0
BRDA:160,9,1,0
BRDA:164,10,0,0
BRDA:164,10,1,0
BRDA:174,11,0,0
BRDA:174,11,1,0
BRDA:187,12,0,0
BRDA:187,12,1,0
BRDA:190,13,0,0
BRDA:190,13,1,0
BRDA:191,14,0,0
BRDA:191,14,1,0
BRF:31
BRH:0
end_of_record
TN:
SF:src\pages\ForgotPasswordPage.jsx
FN:14,(anonymous_0)
FN:40,(anonymous_1)
FN:57,(anonymous_2)
FN:115,(anonymous_3)
FN:116,(anonymous_4)
FNF:5
FNH:0
FNDA:0,(anonymous_0)
FNDA:0,(anonymous_1)
FNDA:0,(anonymous_2)
FNDA:0,(anonymous_3)
FNDA:0,(anonymous_4)
DA:14,0
DA:15,0
DA:40,0
DA:41,0
DA:42,0
DA:43,0
DA:44,0
DA:45,0
DA:47,0
DA:55,0
DA:57,0
DA:58,0
DA:59,0
DA:60,0
DA:62,0
DA:63,0
DA:64,0
DA:65,0
DA:66,0
DA:70,0
DA:73,0
DA:75,0
DA:79,0
DA:80,0
DA:87,0
DA:115,0
DA:116,0
LF:27
LH:0
BRDA:47,0,0,0
BRDA:47,0,1,0
BRDA:48,1,0,0
BRDA:48,1,1,0
BRDA:50,2,0,0
BRDA:50,2,1,0
BRDA:55,3,0,0
BRDA:55,3,1,0
BRDA:60,4,0,0
BRDA:60,4,1,0
BRDA:70,5,0,0
BRDA:70,5,1,0
BRDA:70,5,2,0
BRDA:79,6,0,0
BRDA:79,6,1,0
BRDA:104,7,0,0
BRDA:104,7,1,0
BRF:17
BRH:0
end_of_record
TN:
SF:src\pages\HomePage.jsx
FN:25,(anonymous_0)
FN:27,(anonymous_1)
FN:32,(anonymous_2)
FN:43,(anonymous_3)
FN:70,(anonymous_4)
FN:110,(anonymous_5)
FN:114,(anonymous_6)
FN:133,(anonymous_7)
FN:134,(anonymous_8)
FN:152,(anonymous_9)
FN:213,(anonymous_10)
FN:226,(anonymous_11)
FN:228,(anonymous_12)
FN:234,(anonymous_13)
FN:234,(anonymous_14)
FN:240,(anonymous_15)
FN:240,(anonymous_16)
FN:246,(anonymous_17)
FN:246,(anonymous_18)
FN:252,(anonymous_19)
FN:252,(anonymous_20)
FN:264,(anonymous_21)
FN:271,(anonymous_22)
FN:272,(anonymous_23)
FN:297,(anonymous_24)
FN:365,(anonymous_25)
FN:373,(anonymous_26)
FN:385,(anonymous_27)
FN:391,(anonymous_28)
FN:407,(anonymous_29)
FNF:30
FNH:0
FNDA:0,(anonymous_0)
FNDA:0,(anonymous_1)
FNDA:0,(anonymous_2)
FNDA:0,(anonymous_3)
FNDA:0,(anonymous_4)
FNDA:0,(anonymous_5)
FNDA:0,(anonymous_6)
FNDA:0,(anonymous_7)
FNDA:0,(anonymous_8)
FNDA:0,(anonymous_9)
FNDA:0,(anonymous_10)
FNDA:0,(anonymous_11)
FNDA:0,(anonymous_12)
FNDA:0,(anonymous_13)
FNDA:0,(anonymous_14)
FNDA:0,(anonymous_15)
FNDA:0,(anonymous_16)
FNDA:0,(anonymous_17)
FNDA:0,(anonymous_18)
FNDA:0,(anonymous_19)
FNDA:0,(anonymous_20)
FNDA:0,(anonymous_21)
FNDA:0,(anonymous_22)
FNDA:0,(anonymous_23)
FNDA:0,(anonymous_24)
FNDA:0,(anonymous_25)
FNDA:0,(anonymous_26)
FNDA:0,(anonymous_27)
FNDA:0,(anonymous_28)
FNDA:0,(anonymous_29)
DA:25,0
DA:27,0
DA:28,0
DA:29,0
DA:32,0
DA:33,0
DA:34,0
DA:35,0
DA:36,0
DA:39,0
DA:43,0
DA:44,0
DA:70,0
DA:71,0
DA:72,0
DA:73,0
DA:74,0
DA:75,0
DA:77,0
DA:110,0
DA:111,0
DA:112,0
DA:114,0
DA:119,0
DA:133,0
DA:134,0
DA:152,0
DA:153,0
DA:155,0
DA:156,0
DA:157,0
DA:158,0
DA:160,0
DA:213,0
DA:226,0
DA:227,0
DA:228,0
DA:229,0
DA:230,0
DA:232,0
DA:234,0
DA:238,0
DA:240,0
DA:244,0
DA:246,0
DA:250,0
DA:252,0
DA:256,0
DA:259,0
DA:260,0
DA:263,0
DA:264,0
DA:265,0
DA:268,0
DA:271,0
DA:272,0
DA:274,0
DA:297,0
DA:365,0
DA:374,0
DA:385,0
DA:392,0
DA:408,0
DA:409,0
LF:64
LH:0
BRDA:34,0,0,0
BRDA:34,0,1,0
BRDA:35,1,0,0
BRDA:35,1,1,0
BRDA:48,2,0,0
BRDA:48,2,1,0
BRDA:54,3,0,0
BRDA:54,3,1,0
BRDA:71,4,0,0
BRDA:71,4,1,0
BRDA:72,5,0,0
BRDA:72,5,1,0
BRDA:75,6,0,0
BRDA:75,6,1,0
BRDA:88,7,0,0
BRDA:88,7,1,0
BRDA:111,8,0,0
BRDA:111,8,1,0
BRDA:112,9,0,0
BRDA:112,9,1,0
BRDA:116,10,0,0
BRDA:116,10,1,0
BRDA:134,11,0,0
BRDA:134,11,1,0
BRDA:158,12,0,0
BRDA:158,12,1,0
BRDA:163,13,0,0
BRDA:163,13,1,0
BRDA:173,14,0,0
BRDA:173,14,1,0
BRDA:177,15,0,0
BRDA:177,15,1,0
BRDA:182,16,0,0
BRDA:182,16,1,0
BRDA:200,17,0,0
BRDA:200,17,1,0
BRDA:201,18,0,0
BRDA:201,18,1,0
BRDA:201,19,0,0
BRDA:201,19,1,0
BRDA:203,20,0,0
BRDA:203,20,1,0
BRDA:210,21,0,0
BRDA:210,21,1,0
BRDA:217,22,0,0
BRDA:217,22,1,0
BRDA:217,23,0,0
BRDA:217,23,1,0
BRDA:256,24,0,0
BRDA:256,24,1,0
BRDA:257,25,0,0
BRDA:257,25,1,0
BRDA:259,26,0,0
BRDA:259,26,1,0
BRDA:260,27,0,0
BRDA:260,27,1,0
BRDA:260,27,2,0
BRDA:264,28,0,0
BRDA:264,28,1,0
BRDA:268,29,0,0
BRDA:268,29,1,0
BRDA:271,30,0,0
BRDA:271,30,1,0
BRDA:272,31,0,0
BRDA:272,31,1,0
BRDA:281,32,0,0
BRDA:281,32,1,0
BRDA:281,32,2,0
BRDA:284,33,0,0
BRDA:284,33,1,0
BRDA:286,34,0,0
BRDA:286,34,1,0
BRDA:295,35,0,0
BRDA:295,35,1,0
BRDA:312,36,0,0
BRDA:312,36,1,0
BRDA:315,37,0,0
BRDA:315,37,1,0
BRDA:371,38,0,0
BRDA:371,38,1,0
BRDA:371,39,0,0
BRDA:371,39,1,0
BRDA:379,40,0,0
BRDA:379,40,1,0
BRDA:401,41,0,0
BRDA:401,41,1,0
BRDA:401,42,0,0
BRDA:401,42,1,0
BRDA:407,43,0,0
BRDA:407,43,1,0
BRF:90
BRH:0
end_of_record
TN:
SF:src\pages\LearningPage.jsx
FN:20,(anonymous_0)
FN:37,(anonymous_1)
FN:104,(anonymous_2)
FN:116,(anonymous_3)
FN:130,(anonymous_4)
FN:148,(anonymous_5)
FN:154,(anonymous_6)
FN:154,(anonymous_7)
FN:160,(anonymous_8)
FN:160,(anonymous_9)
FN:169,(anonymous_10)
FN:172,(anonymous_11)
FN:176,(anonymous_12)
FN:200,(anonymous_13)
FN:222,(anonymous_14)
FN:237,(anonymous_15)
FN:248,(anonymous_16)
FN:260,(anonymous_17)
FNF:18
FNH:0
FNDA:0,(anonymous_0)
FNDA:0,(anonymous_1)
FNDA:0,(anonymous_2)
FNDA:0,(anonymous_3)
FNDA:0,(anonymous_4)
FNDA:0,(anonymous_5)
FNDA:0,(anonymous_6)
FNDA:0,(anonymous_7)
FNDA:0,(anonymous_8)
FNDA:0,(anonymous_9)
FNDA:0,(anonymous_10)
FNDA:0,(anonymous_11)
FNDA:0,(anonymous_12)
FNDA:0,(anonymous_13)
FNDA:0,(anonymous_14)
FNDA:0,(anonymous_15)
FNDA:0,(anonymous_16)
FNDA:0,(anonymous_17)
DA:20,0
DA:21,0
DA:22,0
DA:23,0
DA:26,0
DA:37,0
DA:38,0
DA:39,0
DA:40,0
DA:41,0
DA:42,0
DA:43,0
DA:45,0
DA:104,0
DA:116,0
DA:117,0
DA:130,0
DA:131,0
DA:148,0
DA:149,0
DA:150,0
DA:152,0
DA:154,0
DA:158,0
DA:160,0
DA:164,0
DA:165,0
DA:168,0
DA:169,0
DA:172,0
DA:173,0
DA:175,0
DA:176,0
DA:177,0
DA:180,0
DA:182,0
DA:200,0
DA:222,0
DA:238,0
DA:249,0
DA:261,0
DA:269,0
LF:42
LH:0
BRDA:21,0,0,0
BRDA:21,0,1,0
BRDA:42,1,0,0
BRDA:42,1,1,0
BRDA:43,2,0,0
BRDA:43,2,1,0
BRDA:51,3,0,0
BRDA:51,3,1,0
BRDA:58,4,0,0
BRDA:58,4,1,0
BRDA:58,5,0,0
BRDA:58,5,1,0
BRDA:63,6,0,0
BRDA:63,6,1,0
BRDA:67,7,0,0
BRDA:67,7,1,0
BRDA:72,8,0,0
BRDA:72,8,1,0
BRDA:72,8,2,0
BRDA:87,9,0,0
BRDA:87,9,1,0
BRDA:88,10,0,0
BRDA:88,10,1,0
BRDA:90,11,0,0
BRDA:90,11,1,0
BRDA:91,12,0,0
BRDA:91,12,1,0
BRDA:91,13,0,0
BRDA:91,13,1,0
BRDA:92,14,0,0
BRDA:92,14,1,0
BRDA:99,15,0,0
BRDA:99,15,1,0
BRDA:103,16,0,0
BRDA:103,16,1,0
BRDA:107,17,0,0
BRDA:107,17,1,0
BRDA:107,18,0,0
BRDA:107,18,1,0
BRDA:132,19,0,0
BRDA:132,19,1,0
BRDA:136,20,0,0
BRDA:136,20,1,0
BRDA:139,21,0,0
BRDA:139,21,1,0
BRDA:164,22,0,0
BRDA:164,22,1,0
BRDA:165,23,0,0
BRDA:165,23,1,0
BRDA:173,24,0,0
BRDA:173,24,1,0
BRDA:177,25,0,0
BRDA:177,25,1,0
BRDA:180,26,0,0
BRDA:180,26,1,0
BRDA:235,27,0,0
BRDA:235,27,1,0
BRDA:243,28,0,0
BRDA:243,28,1,0
BRDA:244,29,0,0
BRDA:244,29,1,0
BRDA:256,30,0,0
BRDA:256,30,1,0
BRDA:267,31,0,0
BRDA:267,31,1,0
BRF:65
BRH:0
end_of_record
TN:
SF:src\pages\LoginPage.jsx
FN:20,(anonymous_0)
FN:25,(anonymous_1)
FN:30,(anonymous_2)
FN:40,(anonymous_3)
FN:44,(anonymous_4)
FN:59,(anonymous_5)
FN:59,(anonymous_6)
FN:60,(anonymous_7)
FN:64,(anonymous_8)
FN:64,(anonymous_9)
FN:65,(anonymous_10)
FN:67,(anonymous_11)
FN:135,(anonymous_12)
FN:135,(anonymous_13)
FNF:14
FNH:12
FNDA:60,(anonymous_0)
FNDA:20,(anonymous_1)
FNDA:45,(anonymous_2)
FNDA:45,(anonymous_3)
FNDA:53,(anonymous_4)
FNDA:90,(anonymous_5)
FNDA:31,(anonymous_6)
FNDA:31,(anonymous_7)
FNDA:90,(anonymous_8)
FNDA:4,(anonymous_9)
FNDA:4,(anonymous_10)
FNDA:2,(anonymous_11)
FNDA:0,(anonymous_12)
FNDA:0,(anonymous_13)
DA:19,1
DA:21,60
DA:22,50
DA:23,27
DA:25,20
DA:30,1
DA:31,45
DA:32,0
DA:33,0
DA:34,0
DA:35,0
DA:40,1
DA:41,45
DA:42,45
DA:43,45
DA:44,53
DA:46,45
DA:48,45
DA:49,45
DA:50,45
DA:52,45
DA:57,45
DA:59,90
DA:60,31
DA:61,31
DA:64,90
DA:65,4
DA:67,45
DA:68,2
DA:69,2
DA:70,2
DA:72,1
DA:73,1
DA:74,1
DA:78,45
DA:80,45
DA:135,0
LF:37
LH:32
BRDA:21,0,0,10
BRDA:21,0,1,50
BRDA:22,1,0,23
BRDA:22,1,1,27
BRDA:25,2,0,5
BRDA:25,2,1,15
BRDA:31,3,0,45
BRDA:31,3,1,0
BRDA:32,4,0,0
BRDA:32,4,1,0
BRDA:33,5,0,0
BRDA:33,5,1,0
BRDA:34,6,0,0
BRDA:34,6,1,0
BRDA:46,7,0,45
BRDA:46,7,1,45
BRDA:53,8,0,15
BRDA:53,8,1,30
BRDA:54,9,0,5
BRDA:54,9,1,40
BRDA:57,10,0,45
BRDA:57,10,1,15
BRDA:70,11,0,1
BRDA:70,11,1,1
BRDA:73,12,0,1
BRDA:73,12,1,0
BRDA:101,13,0,45
BRDA:101,13,1,0
BRDA:125,14,0,0
BRDA:125,14,1,45
BRDA:138,15,0,0
BRDA:138,15,1,45
BRDA:140,16,0,0
BRDA:140,16,1,45
BRF:34
BRH:22
end_of_record
TN:
SF:src\pages\NotFoundPage.jsx
FN:1,(anonymous_0)
FNF:1
FNH:0
FNDA:0,(anonymous_0)
DA:1,0
LF:1
LH:0
BRF:0
BRH:0
end_of_record
TN:
SF:src\pages\NotificationsPage.jsx
FN:25,(anonymous_0)
FN:29,(anonymous_1)
FN:40,(anonymous_2)
FN:52,(anonymous_3)
FN:88,(anonymous_4)
FN:93,(anonymous_5)
FN:93,(anonymous_6)
FN:98,(anonymous_7)
FN:101,(anonymous_8)
FN:102,(anonymous_9)
FN:106,(anonymous_10)
FN:107,(anonymous_11)
FN:130,(anonymous_12)
FN:156,(anonymous_13)
FN:159,(anonymous_14)
FNF:15
FNH:0
FNDA:0,(anonymous_0)
FNDA:0,(anonymous_1)
FNDA:0,(anonymous_2)
FNDA:0,(anonymous_3)
FNDA:0,(anonymous_4)
FNDA:0,(anonymous_5)
FNDA:0,(anonymous_6)
FNDA:0,(anonymous_7)
FNDA:0,(anonymous_8)
FNDA:0,(anonymous_9)
FNDA:0,(anonymous_10)
FNDA:0,(anonymous_11)
FNDA:0,(anonymous_12)
FNDA:0,(anonymous_13)
FNDA:0,(anonymous_14)
DA:18,0
DA:25,0
DA:29,0
DA:30,0
DA:31,0
DA:32,0
DA:33,0
DA:34,0
DA:35,0
DA:40,0
DA:41,0
DA:42,0
DA:52,0
DA:88,0
DA:89,0
DA:91,0
DA:93,0
DA:97,0
DA:98,0
DA:100,0
DA:101,0
DA:102,0
DA:105,0
DA:106,0
DA:107,0
DA:110,0
DA:130,0
DA:157,0
DA:159,0
LF:29
LH:0
BRDA:25,0,0,0
BRDA:25,0,1,0
BRDA:30,1,0,0
BRDA:30,1,1,0
BRDA:32,2,0,0
BRDA:32,2,1,0
BRDA:33,3,0,0
BRDA:33,3,1,0
BRDA:34,4,0,0
BRDA:34,4,1,0
BRDA:46,5,0,0
BRDA:46,5,1,0
BRDA:47,6,0,0
BRDA:47,6,1,0
BRDA:49,7,0,0
BRDA:49,7,1,0
BRDA:50,8,0,0
BRDA:50,8,1,0
BRDA:52,9,0,0
BRDA:52,9,1,0
BRDA:79,10,0,0
BRDA:79,10,1,0
BRDA:97,11,0,0
BRDA:97,11,1,0
BRDA:97,11,2,0
BRDA:120,12,0,0
BRDA:120,12,1,0
BRDA:124,13,0,0
BRDA:124,13,1,0
BRDA:138,14,0,0
BRDA:138,14,1,0
BRDA:142,15,0,0
BRDA:142,15,1,0
BRDA:158,16,0,0
BRDA:158,16,1,0
BRF:35
BRH:0
end_of_record
TN:
SF:src\pages\ProfilePage.jsx
FN:28,(anonymous_0)
FN:34,(anonymous_1)
FN:38,(anonymous_2)
FN:50,(anonymous_3)
FN:52,(anonymous_4)
FN:73,(anonymous_5)
FN:73,(anonymous_6)
FN:74,(anonymous_7)
FN:77,(anonymous_8)
FN:79,(anonymous_9)
FN:83,(anonymous_10)
FN:84,(anonymous_11)
FN:87,(anonymous_12)
FN:89,(anonymous_13)
FN:97,(anonymous_14)
FN:102,(anonymous_15)
FN:111,(anonymous_16)
FN:112,(anonymous_17)
FN:112,(anonymous_18)
FN:203,(anonymous_19)
FN:203,(anonymous_20)
FN:223,(anonymous_21)
FN:223,(anonymous_22)
FN:246,(anonymous_23)
FN:246,(anonymous_24)
FN:268,(anonymous_25)
FN:268,(anonymous_26)
FN:275,(anonymous_27)
FN:275,(anonymous_28)
FN:282,(anonymous_29)
FN:282,(anonymous_30)
FNF:31
FNH:0
FNDA:0,(anonymous_0)
FNDA:0,(anonymous_1)
FNDA:0,(anonymous_2)
FNDA:0,(anonymous_3)
FNDA:0,(anonymous_4)
FNDA:0,(anonymous_5)
FNDA:0,(anonymous_6)
FNDA:0,(anonymous_7)
FNDA:0,(anonymous_8)
FNDA:0,(anonymous_9)
FNDA:0,(anonymous_10)
FNDA:0,(anonymous_11)
FNDA:0,(anonymous_12)
FNDA:0,(anonymous_13)
FNDA:0,(anonymous_14)
FNDA:0,(anonymous_15)
FNDA:0,(anonymous_16)
FNDA:0,(anonymous_17)
FNDA:0,(anonymous_18)
FNDA:0,(anonymous_19)
FNDA:0,(anonymous_20)
FNDA:0,(anonymous_21)
FNDA:0,(anonymous_22)
FNDA:0,(anonymous_23)
FNDA:0,(anonymous_24)
FNDA:0,(anonymous_25)
FNDA:0,(anonymous_26)
FNDA:0,(anonymous_27)
FNDA:0,(anonymous_28)
FNDA:0,(anonymous_29)
FNDA:0,(anonymous_30)
DA:25,0
DA:26,0
DA:28,0
DA:29,0
DA:30,0
DA:31,0
DA:34,0
DA:38,0
DA:39,0
DA:50,0
DA:51,0
DA:52,0
DA:54,0
DA:55,0
DA:57,0
DA:58,0
DA:59,0
DA:60,0
DA:63,0
DA:64,0
DA:65,0
DA:66,0
DA:67,0
DA:68,0
DA:72,0
DA:73,0
DA:75,0
DA:76,0
DA:77,0
DA:79,0
DA:82,0
DA:83,0
DA:85,0
DA:86,0
DA:87,0
DA:90,0
DA:93,0
DA:97,0
DA:98,0
DA:99,0
DA:102,0
DA:103,0
DA:104,0
DA:105,0
DA:106,0
DA:108,0
DA:111,0
DA:112,0
DA:117,0
DA:203,0
DA:223,0
DA:246,0
DA:268,0
DA:275,0
DA:282,0
LF:55
LH:0
BRDA:29,0,0,0
BRDA:29,0,1,0
BRDA:54,1,0,0
BRDA:54,1,1,0
BRDA:54,2,0,0
BRDA:54,2,1,0
BRDA:63,3,0,0
BRDA:63,3,1,0
BRDA:64,4,0,0
BRDA:64,4,1,0
BRDA:65,5,0,0
BRDA:65,5,1,0
BRDA:68,6,0,0
BRDA:68,6,1,0
BRDA:90,7,0,0
BRDA:90,7,1,0
BRDA:90,7,2,0
BRDA:104,8,0,0
BRDA:104,8,1,0
BRDA:113,9,0,0
BRDA:113,9,1,0
BRDA:131,10,0,0
BRDA:131,10,1,0
BRDA:131,10,2,0
BRDA:138,11,0,0
BRDA:138,11,1,0
BRDA:141,12,0,0
BRDA:141,12,1,0
BRDA:209,13,0,0
BRDA:209,13,1,0
BRDA:215,14,0,0
BRDA:215,14,1,0
BRDA:230,15,0,0
BRDA:230,15,1,0
BRDA:257,16,0,0
BRDA:257,16,1,0
BRDA:266,17,0,0
BRDA:266,17,1,0
BRDA:273,18,0,0
BRDA:273,18,1,0
BRDA:280,19,0,0
BRDA:280,19,1,0
BRDA:286,20,0,0
BRDA:286,20,1,0
BRDA:293,21,0,0
BRDA:293,21,1,0
BRF:46
BRH:0
end_of_record
TN:
SF:src\pages\QuizPage.jsx
FN:1,(anonymous_0)
FNF:1
FNH:0
FNDA:0,(anonymous_0)
DA:1,0
LF:1
LH:0
BRF:0
BRH:0
end_of_record
TN:
SF:src\pages\RegisterPage.jsx
FN:22,(anonymous_0)
FN:29,(anonymous_1)
FN:34,(anonymous_2)
FN:41,(anonymous_3)
FN:58,(anonymous_4)
FN:65,(anonymous_5)
FN:72,(anonymous_6)
FN:92,(anonymous_7)
FN:96,(anonymous_8)
FN:106,(anonymous_9)
FN:129,(anonymous_10)
FN:147,(anonymous_11)
FN:156,(anonymous_12)
FN:156,(anonymous_13)
FN:157,(anonymous_14)
FN:158,(anonymous_15)
FN:161,(anonymous_16)
FN:161,(anonymous_17)
FN:162,(anonymous_18)
FN:164,(anonymous_19)
FN:258,(anonymous_20)
FN:258,(anonymous_21)
FN:284,(anonymous_22)
FN:284,(anonymous_23)
FNF:24
FNH:0
FNDA:0,(anonymous_0)
FNDA:0,(anonymous_1)
FNDA:0,(anonymous_2)
FNDA:0,(anonymous_3)
FNDA:0,(anonymous_4)
FNDA:0,(anonymous_5)
FNDA:0,(anonymous_6)
FNDA:0,(anonymous_7)
FNDA:0,(anonymous_8)
FNDA:0,(anonymous_9)
FNDA:0,(anonymous_10)
FNDA:0,(anonymous_11)
FNDA:0,(anonymous_12)
FNDA:0,(anonymous_13)
FNDA:0,(anonymous_14)
FNDA:0,(anonymous_15)
FNDA:0,(anonymous_16)
FNDA:0,(anonymous_17)
FNDA:0,(anonymous_18)
FNDA:0,(anonymous_19)
FNDA:0,(anonymous_20)
FNDA:0,(anonymous_21)
FNDA:0,(anonymous_22)
FNDA:0,(anonymous_23)
DA:21,0
DA:23,0
DA:24,0
DA:25,0
DA:26,0
DA:27,0
DA:30,0
DA:31,0
DA:32,0
DA:35,0
DA:36,0
DA:37,0
DA:38,0
DA:39,0
DA:42,0
DA:43,0
DA:44,0
DA:50,0
DA:58,0
DA:65,0
DA:66,0
DA:67,0
DA:68,0
DA:69,0
DA:73,0
DA:92,0
DA:93,0
DA:94,0
DA:95,0
DA:96,0
DA:97,0
DA:99,0
DA:100,0
DA:101,0
DA:106,0
DA:107,0
DA:129,0
DA:130,0
DA:132,0
DA:133,0
DA:134,0
DA:135,0
DA:136,0
DA:137,0
DA:138,0
DA:140,0
DA:147,0
DA:149,0
DA:156,0
DA:157,0
DA:158,0
DA:161,0
DA:162,0
DA:164,0
DA:165,0
DA:166,0
DA:167,0
DA:169,0
DA:170,0
DA:171,0
DA:172,0
DA:177,0
DA:179,0
DA:181,0
DA:185,0
DA:186,0
DA:193,0
DA:258,0
DA:284,0
LF:69
LH:0
BRDA:23,0,0,0
BRDA:23,0,1,0
BRDA:24,1,0,0
BRDA:24,1,1,0
BRDA:25,2,0,0
BRDA:25,2,1,0
BRDA:26,3,0,0
BRDA:26,3,1,0
BRDA:30,4,0,0
BRDA:30,4,1,0
BRDA:31,5,0,0
BRDA:31,5,1,0
BRDA:35,6,0,0
BRDA:35,6,1,0
BRDA:36,7,0,0
BRDA:36,7,1,0
BRDA:37,8,0,0
BRDA:37,8,1,0
BRDA:38,9,0,0
BRDA:38,9,1,0
BRDA:42,10,0,0
BRDA:42,10,1,0
BRDA:43,11,0,0
BRDA:43,11,1,0
BRDA:66,12,0,0
BRDA:66,12,1,0
BRDA:68,13,0,0
BRDA:68,13,1,0
BRDA:77,14,0,0
BRDA:77,14,1,0
BRDA:93,15,0,0
BRDA:93,15,1,0
BRDA:97,16,0,0
BRDA:97,16,1,0
BRDA:97,17,0,0
BRDA:97,17,1,0
BRDA:99,18,0,0
BRDA:99,18,1,0
BRDA:100,19,0,0
BRDA:100,19,1,0
BRDA:141,20,0,0
BRDA:141,20,1,0
BRDA:142,21,0,0
BRDA:142,21,1,0
BRDA:143,22,0,0
BRDA:143,22,1,0
BRDA:144,23,0,0
BRDA:144,23,1,0
BRDA:147,24,0,0
BRDA:147,24,1,0
BRDA:167,25,0,0
BRDA:167,25,1,0
BRDA:185,26,0,0
BRDA:185,26,1,0
BRDA:212,27,0,0
BRDA:212,27,1,0
BRDA:249,28,0,0
BRDA:249,28,1,0
BRDA:259,29,0,0
BRDA:259,29,1,0
BRDA:271,30,0,0
BRDA:271,30,1,0
BRDA:277,31,0,0
BRDA:277,31,1,0
BRDA:281,32,0,0
BRDA:281,32,1,0
BRDA:281,33,0,0
BRDA:281,33,1,0
BRDA:285,34,0,0
BRDA:285,34,1,0
BRF:70
BRH:0
end_of_record
TN:
SF:src\pages\ResetPasswordPage.jsx
FN:25,(anonymous_0)
FN:29,(anonymous_1)
FN:36,(anonymous_2)
FN:56,(anonymous_3)
FN:66,(anonymous_4)
FN:90,(anonymous_5)
FN:109,(anonymous_6)
FN:157,(anonymous_7)
FN:157,(anonymous_8)
FN:158,(anonymous_9)
FN:161,(anonymous_10)
FN:161,(anonymous_11)
FN:162,(anonymous_12)
FN:164,(anonymous_13)
FN:241,(anonymous_14)
FN:241,(anonymous_15)
FN:267,(anonymous_16)
FN:267,(anonymous_17)
FNF:18
FNH:0
FNDA:0,(anonymous_0)
FNDA:0,(anonymous_1)
FNDA:0,(anonymous_2)
FNDA:0,(anonymous_3)
FNDA:0,(anonymous_4)
FNDA:0,(anonymous_5)
FNDA:0,(anonymous_6)
FNDA:0,(anonymous_7)
FNDA:0,(anonymous_8)
FNDA:0,(anonymous_9)
FNDA:0,(anonymous_10)
FNDA:0,(anonymous_11)
FNDA:0,(anonymous_12)
FNDA:0,(anonymous_13)
FNDA:0,(anonymous_14)
FNDA:0,(anonymous_15)
FNDA:0,(anonymous_16)
FNDA:0,(anonymous_17)
DA:17,0
DA:25,0
DA:26,0
DA:29,0
DA:30,0
DA:31,0
DA:32,0
DA:33,0
DA:37,0
DA:56,0
DA:57,0
DA:58,0
DA:59,0
DA:60,0
DA:61,0
DA:66,0
DA:67,0
DA:90,0
DA:91,0
DA:109,0
DA:110,0
DA:111,0
DA:112,0
DA:114,0
DA:115,0
DA:116,0
DA:117,0
DA:118,0
DA:119,0
DA:120,0
DA:123,0
DA:124,0
DA:131,0
DA:132,0
DA:139,0
DA:153,0
DA:157,0
DA:158,0
DA:159,0
DA:161,0
DA:162,0
DA:164,0
DA:165,0
DA:166,0
DA:167,0
DA:169,0
DA:170,0
DA:171,0
DA:172,0
DA:173,0
DA:175,0
DA:176,0
DA:177,0
DA:178,0
DA:179,0
DA:180,0
DA:181,0
DA:183,0
DA:186,0
DA:190,0
DA:241,0
DA:267,0
LF:62
LH:0
BRDA:30,0,0,0
BRDA:30,0,1,0
BRDA:32,1,0,0
BRDA:32,1,1,0
BRDA:41,2,0,0
BRDA:41,2,1,0
BRDA:57,3,0,0
BRDA:57,3,1,0
BRDA:58,4,0,0
BRDA:58,4,1,0
BRDA:59,5,0,0
BRDA:59,5,1,0
BRDA:60,6,0,0
BRDA:60,6,1,0
BRDA:123,7,0,0
BRDA:123,7,1,0
BRDA:131,8,0,0
BRDA:131,8,1,0
BRDA:140,9,0,0
BRDA:140,9,1,0
BRDA:143,10,0,0
BRDA:143,10,1,0
BRDA:144,11,0,0
BRDA:144,11,1,0
BRDA:146,12,0,0
BRDA:146,12,1,0
BRDA:153,13,0,0
BRDA:153,13,1,0
BRDA:153,13,2,0
BRDA:167,14,0,0
BRDA:167,14,1,0
BRDA:176,15,0,0
BRDA:176,15,1,0
BRDA:178,16,0,0
BRDA:178,16,1,0
BRDA:179,17,0,0
BRDA:179,17,1,0
BRDA:180,18,0,0
BRDA:180,18,1,0
BRDA:206,19,0,0
BRDA:206,19,1,0
BRDA:211,20,0,0
BRDA:211,20,1,0
BRDA:231,21,0,0
BRDA:231,21,1,0
BRDA:242,22,0,0
BRDA:242,22,1,0
BRDA:254,23,0,0
BRDA:254,23,1,0
BRDA:260,24,0,0
BRDA:260,24,1,0
BRDA:264,25,0,0
BRDA:264,25,1,0
BRDA:264,26,0,0
BRDA:264,26,1,0
BRDA:268,27,0,0
BRDA:268,27,1,0
BRF:57
BRH:0
end_of_record
TN:
SF:src\pages\ReviewPage.jsx
FN:36,(anonymous_0)
FN:41,(anonymous_1)
FN:65,(anonymous_2)
FN:86,(anonymous_3)
FN:119,(anonymous_4)
FN:135,(anonymous_5)
FN:165,(anonymous_6)
FN:209,(anonymous_7)
FN:228,(anonymous_8)
FN:247,(anonymous_9)
FN:277,(anonymous_10)
FN:297,(anonymous_11)
FN:297,(anonymous_12)
FN:306,(anonymous_13)
FN:310,(anonymous_14)
FN:314,(anonymous_15)
FN:318,(anonymous_16)
FN:323,(anonymous_17)
FN:346,(anonymous_18)
FN:347,(anonymous_19)
FN:361,(anonymous_20)
FN:364,(anonymous_21)
FN:389,(anonymous_22)
FN:406,(anonymous_23)
FN:407,(anonymous_24)
FN:420,(anonymous_25)
FN:434,(anonymous_26)
FN:482,(anonymous_27)
FN:490,(anonymous_28)
FN:504,(anonymous_29)
FN:507,(anonymous_30)
FNF:31
FNH:18
FNDA:11,(anonymous_0)
FNDA:0,(anonymous_1)
FNDA:22,(anonymous_2)
FNDA:11,(anonymous_3)
FNDA:11,(anonymous_4)
FNDA:0,(anonymous_5)
FNDA:11,(anonymous_6)
FNDA:0,(anonymous_7)
FNDA:0,(anonymous_8)
FNDA:0,(anonymous_9)
FNDA:25,(anonymous_10)
FNDA:7,(anonymous_11)
FNDA:6,(anonymous_12)
FNDA:8,(anonymous_13)
FNDA:1,(anonymous_14)
FNDA:1,(anonymous_15)
FNDA:1,(anonymous_16)
FNDA:1,(anonymous_17)
FNDA:7,(anonymous_18)
FNDA:0,(anonymous_19)
FNDA:7,(anonymous_20)
FNDA:0,(anonymous_21)
FNDA:0,(anonymous_22)
FNDA:0,(anonymous_23)
FNDA:0,(anonymous_24)
FNDA:0,(anonymous_25)
FNDA:0,(anonymous_26)
FNDA:0,(anonymous_27)
FNDA:3,(anonymous_28)
FNDA:30,(anonymous_29)
FNDA:1,(anonymous_30)
DA:25,1
DA:36,1
DA:37,11
DA:41,1
DA:42,0
DA:43,0
DA:44,0
DA:45,0
DA:46,0
DA:47,0
DA:52,1
DA:63,1
DA:65,1
DA:66,22
DA:86,1
DA:87,11
DA:119,1
DA:120,11
DA:121,11
DA:135,0
DA:165,1
DA:166,11
DA:209,1
DA:210,0
DA:211,0
DA:229,0
DA:248,0
DA:277,1
DA:278,25
DA:279,25
DA:281,25
DA:282,25
DA:283,25
DA:284,25
DA:285,25
DA:290,25
DA:291,25
DA:292,25
DA:293,25
DA:295,25
DA:297,7
DA:301,25
DA:302,25
DA:303,25
DA:306,25
DA:308,25
DA:310,25
DA:311,1
DA:312,0
DA:314,1
DA:318,25
DA:319,1
DA:320,1
DA:321,1
DA:322,1
DA:323,1
DA:331,1
DA:332,1
DA:337,1
DA:338,1
DA:343,25
DA:346,25
DA:347,7
DA:348,0
DA:349,0
DA:350,0
DA:352,0
DA:353,0
DA:354,0
DA:355,0
DA:356,0
DA:360,7
DA:361,7
DA:364,25
DA:365,0
DA:366,0
DA:367,0
DA:368,0
DA:369,0
DA:374,25
DA:375,7
DA:385,18
DA:386,0
DA:389,0
DA:394,18
DA:395,2
DA:406,0
DA:407,0
DA:416,16
DA:417,0
DA:420,0
DA:428,16
DA:434,0
DA:482,0
DA:490,3
DA:505,30
DA:507,1
LF:97
LH:64
BRDA:37,0,0,11
BRDA:37,0,1,0
BRDA:42,1,0,0
BRDA:42,1,1,0
BRDA:92,2,0,6
BRDA:92,2,1,5
BRDA:102,3,0,5
BRDA:102,3,1,6
BRDA:144,4,0,11
BRDA:144,4,1,11
BRDA:150,5,0,11
BRDA:150,5,1,11
BRDA:172,6,0,11
BRDA:172,6,1,11
BRDA:180,7,0,11
BRDA:180,7,1,11
BRDA:190,8,0,11
BRDA:190,8,1,11
BRDA:200,9,0,2
BRDA:200,9,1,9
BRDA:210,10,0,0
BRDA:210,10,1,0
BRDA:253,11,0,0
BRDA:253,11,1,0
BRDA:301,12,0,25
BRDA:301,12,1,7
BRDA:303,13,0,16
BRDA:303,13,1,9
BRDA:311,14,0,0
BRDA:311,14,1,1
BRDA:319,15,0,0
BRDA:319,15,1,1
BRDA:319,16,0,1
BRDA:319,16,1,1
BRDA:325,17,0,1
BRDA:325,17,1,0
BRDA:326,18,0,1
BRDA:326,18,1,0
BRDA:327,19,0,1
BRDA:327,19,1,0
BRDA:328,20,0,1
BRDA:328,20,1,0
BRDA:329,21,0,1
BRDA:329,21,1,0
BRDA:331,22,0,1
BRDA:331,22,1,0
BRDA:348,23,0,0
BRDA:348,23,1,0
BRDA:348,24,0,0
BRDA:348,24,1,0
BRDA:350,25,0,0
BRDA:350,25,1,0
BRDA:352,26,0,0
BRDA:352,26,1,0
BRDA:352,27,0,0
BRDA:352,27,1,0
BRDA:354,28,0,0
BRDA:354,28,1,0
BRDA:354,29,0,0
BRDA:354,29,1,0
BRDA:374,30,0,7
BRDA:374,30,1,18
BRDA:385,31,0,0
BRDA:385,31,1,18
BRDA:394,32,0,2
BRDA:394,32,1,16
BRDA:416,33,0,0
BRDA:416,33,1,16
BRDA:479,34,0,16
BRDA:479,34,1,16
BRDA:482,35,0,0
BRDA:482,35,1,0
BRDA:489,36,0,11
BRDA:489,36,1,5
BRDA:507,37,0,1
BRDA:507,37,1,1
BRDA:513,38,0,6
BRDA:513,38,1,24
BRDA:514,39,0,6
BRDA:514,39,1,24
BRDA:516,40,0,6
BRDA:516,40,1,24
BRDA:520,41,0,6
BRDA:520,41,1,24
BRDA:544,42,0,5
BRDA:544,42,1,1
BRDA:554,43,0,11
BRDA:554,43,1,5
BRF:88
BRH:55
end_of_record
TN:
SF:src\pages\StudyPage.jsx
FN:35,(anonymous_0)
FN:40,(anonymous_1)
FN:51,(anonymous_2)
FN:72,(anonymous_3)
FN:160,(anonymous_4)
FN:229,(anonymous_5)
FN:239,(anonymous_6)
FN:255,(anonymous_7)
FN:255,(anonymous_8)
FN:264,(anonymous_9)
FN:267,(anonymous_10)
FN:272,(anonymous_11)
FN:276,(anonymous_12)
FN:293,(anonymous_13)
FN:297,(anonymous_14)
FN:301,(anonymous_15)
FN:302,(anonymous_16)
FN:323,(anonymous_17)
FN:335,(anonymous_18)
FN:349,(anonymous_19)
FN:363,(anonymous_20)
FN:404,(anonymous_21)
FN:421,(anonymous_22)
FN:434,(anonymous_23)
FN:434,(anonymous_24)
FNF:25
FNH:12
FNDA:14,(anonymous_0)
FNDA:0,(anonymous_1)
FNDA:14,(anonymous_2)
FNDA:0,(anonymous_3)
FNDA:1,(anonymous_4)
FNDA:0,(anonymous_5)
FNDA:20,(anonymous_6)
FNDA:5,(anonymous_7)
FNDA:4,(anonymous_8)
FNDA:13,(anonymous_9)
FNDA:0,(anonymous_10)
FNDA:6,(anonymous_11)
FNDA:1,(anonymous_12)
FNDA:2,(anonymous_13)
FNDA:1,(anonymous_14)
FNDA:0,(anonymous_15)
FNDA:0,(anonymous_16)
FNDA:0,(anonymous_17)
FNDA:0,(anonymous_18)
FNDA:0,(anonymous_19)
FNDA:0,(anonymous_20)
FNDA:0,(anonymous_21)
FNDA:3,(anonymous_22)
FNDA:0,(anonymous_23)
FNDA:0,(anonymous_24)
DA:24,1
DA:35,1
DA:36,14
DA:40,1
DA:41,0
DA:42,0
DA:43,0
DA:44,0
DA:45,0
DA:46,0
DA:51,1
DA:52,14
DA:54,14
DA:72,0
DA:160,1
DA:161,1
DA:229,0
DA:239,1
DA:240,20
DA:241,20
DA:242,20
DA:244,20
DA:245,20
DA:246,20
DA:247,20
DA:248,20
DA:249,20
DA:250,20
DA:253,20
DA:255,5
DA:259,20
DA:260,20
DA:261,20
DA:264,20
DA:265,13
DA:266,4
DA:267,4
DA:272,20
DA:273,6
DA:276,20
DA:277,1
DA:278,1
DA:279,1
DA:280,1
DA:282,1
DA:283,1
DA:288,1
DA:289,1
DA:293,20
DA:294,2
DA:295,1
DA:297,1
DA:301,20
DA:302,0
DA:303,0
DA:308,20
DA:309,5
DA:319,15
DA:320,0
DA:323,0
DA:330,15
DA:331,0
DA:335,0
DA:342,15
DA:343,1
DA:349,0
DA:356,14
DA:363,0
DA:404,0
DA:421,3
DA:434,0
LF:71
LH:53
BRDA:36,0,0,14
BRDA:36,0,1,0
BRDA:41,1,0,0
BRDA:41,1,1,0
BRDA:80,2,0,14
BRDA:80,2,1,14
BRDA:86,3,0,14
BRDA:86,3,1,14
BRDA:100,4,0,5
BRDA:100,4,1,9
BRDA:101,5,0,5
BRDA:101,5,1,9
BRDA:103,6,0,5
BRDA:103,6,1,9
BRDA:114,7,0,14
BRDA:114,7,1,14
BRDA:122,8,0,14
BRDA:122,8,1,14
BRDA:134,9,0,14
BRDA:134,9,1,14
BRDA:144,10,0,14
BRDA:144,10,1,9
BRDA:173,11,0,1
BRDA:173,11,1,1
BRDA:217,12,0,1
BRDA:217,12,1,1
BRDA:259,13,0,20
BRDA:259,13,1,5
BRDA:261,14,0,15
BRDA:261,14,1,5
BRDA:265,15,0,4
BRDA:265,15,1,9
BRDA:265,16,0,13
BRDA:265,16,1,8
BRDA:282,17,0,1
BRDA:282,17,1,0
BRDA:294,18,0,1
BRDA:294,18,1,1
BRDA:308,19,0,5
BRDA:308,19,1,15
BRDA:319,20,0,0
BRDA:319,20,1,15
BRDA:319,21,0,15
BRDA:319,21,1,15
BRDA:330,22,0,0
BRDA:330,22,1,15
BRDA:342,23,0,1
BRDA:342,23,1,14
BRDA:400,24,0,9
BRDA:400,24,1,5
BRDA:402,25,0,9
BRDA:402,25,1,5
BRDA:404,26,0,0
BRDA:404,26,1,5
BRDA:406,27,0,14
BRDA:406,27,1,0
BRDA:416,28,0,9
BRDA:416,28,1,5
BRDA:428,29,0,5
BRDA:428,29,1,3
BRDA:451,30,0,3
BRDA:451,30,1,2
BRDA:461,31,0,5
BRDA:461,31,1,1
BRDA:463,32,0,3
BRDA:463,32,1,2
BRDA:470,33,0,9
BRDA:470,33,1,5
BRF:68
BRH:60
end_of_record
TN:
SF:src\pages\VocabularyPage.jsx
FN:38,(anonymous_0)
FN:40,(anonymous_1)
FN:40,(anonymous_2)
FN:40,(anonymous_3)
FN:43,(anonymous_4)
FN:60,(anonymous_5)
FN:66,(anonymous_6)
FN:78,(anonymous_7)
FN:89,(anonymous_8)
FN:91,(anonymous_9)
FN:91,(anonymous_10)
FN:91,(anonymous_11)
FN:105,(anonymous_12)
FN:111,(anonymous_13)
FN:111,(anonymous_14)
FN:119,(anonymous_15)
FN:128,(anonymous_16)
FN:135,(anonymous_17)
FN:135,(anonymous_18)
FN:136,(anonymous_19)
FN:147,(anonymous_20)
FN:149,(anonymous_21)
FN:168,(anonymous_22)
FN:178,(anonymous_23)
FN:188,(anonymous_24)
FN:188,(anonymous_25)
FN:195,(anonymous_26)
FN:196,(anonymous_27)
FN:197,(anonymous_28)
FN:198,(anonymous_29)
FN:199,(anonymous_30)
FN:203,(anonymous_31)
FN:204,(anonymous_32)
FN:208,(anonymous_33)
FN:209,(anonymous_34)
FN:217,(anonymous_35)
FN:222,(anonymous_36)
FN:224,(anonymous_37)
FN:230,(anonymous_38)
FN:232,(anonymous_39)
FN:240,(anonymous_40)
FN:261,(anonymous_41)
FN:280,(anonymous_42)
FN:289,(anonymous_43)
FN:295,(anonymous_44)
FN:314,(anonymous_45)
FN:315,(anonymous_46)
FN:319,(anonymous_47)
FN:326,(anonymous_48)
FN:333,(anonymous_49)
FN:333,(anonymous_50)
FN:340,(anonymous_51)
FN:341,(anonymous_52)
FN:342,(anonymous_53)
FN:343,(anonymous_54)
FN:344,(anonymous_55)
FN:348,(anonymous_56)
FN:349,(anonymous_57)
FN:357,(anonymous_58)
FN:365,(anonymous_59)
FN:374,(anonymous_60)
FN:392,(anonymous_61)
FN:395,(anonymous_62)
FN:407,(anonymous_63)
FN:408,(anonymous_64)
FN:418,(anonymous_65)
FN:420,(anonymous_66)
FN:434,(anonymous_67)
FNF:68
FNH:0
FNDA:0,(anonymous_0)
FNDA:0,(anonymous_1)
FNDA:0,(anonymous_2)
FNDA:0,(anonymous_3)
FNDA:0,(anonymous_4)
FNDA:0,(anonymous_5)
FNDA:0,(anonymous_6)
FNDA:0,(anonymous_7)
FNDA:0,(anonymous_8)
FNDA:0,(anonymous_9)
FNDA:0,(anonymous_10)
FNDA:0,(anonymous_11)
FNDA:0,(anonymous_12)
FNDA:0,(anonymous_13)
FNDA:0,(anonymous_14)
FNDA:0,(anonymous_15)
FNDA:0,(anonymous_16)
FNDA:0,(anonymous_17)
FNDA:0,(anonymous_18)
FNDA:0,(anonymous_19)
FNDA:0,(anonymous_20)
FNDA:0,(anonymous_21)
FNDA:0,(anonymous_22)
FNDA:0,(anonymous_23)
FNDA:0,(anonymous_24)
FNDA:0,(anonymous_25)
FNDA:0,(anonymous_26)
FNDA:0,(anonymous_27)
FNDA:0,(anonymous_28)
FNDA:0,(anonymous_29)
FNDA:0,(anonymous_30)
FNDA:0,(anonymous_31)
FNDA:0,(anonymous_32)
FNDA:0,(anonymous_33)
FNDA:0,(anonymous_34)
FNDA:0,(anonymous_35)
FNDA:0,(anonymous_36)
FNDA:0,(anonymous_37)
FNDA:0,(anonymous_38)
FNDA:0,(anonymous_39)
FNDA:0,(anonymous_40)
FNDA:0,(anonymous_41)
FNDA:0,(anonymous_42)
FNDA:0,(anonymous_43)
FNDA:0,(anonymous_44)
FNDA:0,(anonymous_45)
FNDA:0,(anonymous_46)
FNDA:0,(anonymous_47)
FNDA:0,(anonymous_48)
FNDA:0,(anonymous_49)
FNDA:0,(anonymous_50)
FNDA:0,(anonymous_51)
FNDA:0,(anonymous_52)
FNDA:0,(anonymous_53)
FNDA:0,(anonymous_54)
FNDA:0,(anonymous_55)
FNDA:0,(anonymous_56)
FNDA:0,(anonymous_57)
FNDA:0,(anonymous_58)
FNDA:0,(anonymous_59)
FNDA:0,(anonymous_60)
FNDA:0,(anonymous_61)
FNDA:0,(anonymous_62)
FNDA:0,(anonymous_63)
FNDA:0,(anonymous_64)
FNDA:0,(anonymous_65)
FNDA:0,(anonymous_66)
FNDA:0,(anonymous_67)
DA:25,0
DA:26,0
DA:27,0
DA:33,0
DA:34,0
DA:38,0
DA:39,0
DA:40,0
DA:43,0
DA:45,0
DA:60,0
DA:66,0
DA:78,0
DA:89,0
DA:90,0
DA:91,0
DA:93,0
DA:105,0
DA:111,0
DA:119,0
DA:128,0
DA:129,0
DA:130,0
DA:131,0
DA:132,0
DA:134,0
DA:135,0
DA:136,0
DA:139,0
DA:147,0
DA:149,0
DA:168,0
DA:178,0
DA:179,0
DA:180,0
DA:181,0
DA:182,0
DA:183,0
DA:184,0
DA:186,0
DA:188,0
DA:192,0
DA:194,0
DA:195,0
DA:196,0
DA:197,0
DA:198,0
DA:199,0
DA:202,0
DA:203,0
DA:204,0
DA:207,0
DA:208,0
DA:209,0
DA:212,0
DA:217,0
DA:222,0
DA:224,0
DA:230,0
DA:232,0
DA:240,0
DA:262,0
DA:263,0
DA:280,0
DA:289,0
DA:295,0
DA:314,0
DA:315,0
DA:319,0
DA:326,0
DA:327,0
DA:328,0
DA:329,0
DA:331,0
DA:333,0
DA:337,0
DA:339,0
DA:340,0
DA:341,0
DA:342,0
DA:343,0
DA:344,0
DA:347,0
DA:348,0
DA:349,0
DA:352,0
DA:357,0
DA:365,0
DA:375,0
DA:376,0
DA:392,0
DA:395,0
DA:407,0
DA:408,0
DA:418,0
DA:419,0
DA:420,0
DA:421,0
DA:423,0
DA:434,0
LF:100
LH:0
BRDA:39,0,0,0
BRDA:39,0,1,0
BRDA:43,1,0,0
BRDA:43,1,1,0
BRDA:48,2,0,0
BRDA:48,2,1,0
BRDA:51,3,0,0
BRDA:51,3,1,0
BRDA:79,4,0,0
BRDA:79,4,1,0
BRDA:90,5,0,0
BRDA:90,5,1,0
BRDA:96,6,0,0
BRDA:96,6,1,0
BRDA:99,7,0,0
BRDA:99,7,1,0
BRDA:110,8,0,0
BRDA:110,8,1,0
BRDA:152,9,0,0
BRDA:152,9,1,0
BRDA:155,10,0,0
BRDA:155,10,1,0
BRDA:158,11,0,0
BRDA:158,11,1,0
BRDA:161,12,0,0
BRDA:161,12,1,0
BRDA:188,13,0,0
BRDA:188,13,1,0
BRDA:192,14,0,0
BRDA:192,14,1,0
BRDA:195,15,0,0
BRDA:195,15,1,0
BRDA:199,16,0,0
BRDA:199,16,1,0
BRDA:227,17,0,0
BRDA:227,17,1,0
BRDA:238,18,0,0
BRDA:238,18,1,0
BRDA:242,19,0,0
BRDA:242,19,1,0
BRDA:262,20,0,0
BRDA:262,20,1,0
BRDA:267,21,0,0
BRDA:267,21,1,0
BRDA:269,22,0,0
BRDA:269,22,1,0
BRDA:274,23,0,0
BRDA:274,23,1,0
BRDA:281,24,0,0
BRDA:281,24,1,0
BRDA:282,25,0,0
BRDA:282,25,1,0
BRDA:285,26,0,0
BRDA:285,26,1,0
BRDA:295,27,0,0
BRDA:295,27,1,0
BRDA:337,28,0,0
BRDA:337,28,1,0
BRDA:340,29,0,0
BRDA:340,29,1,0
BRDA:354,30,0,0
BRDA:354,30,1,0
BRDA:363,31,0,0
BRDA:363,31,1,0
BRDA:367,32,0,0
BRDA:367,32,1,0
BRDA:375,33,0,0
BRDA:375,33,1,0
BRDA:381,34,0,0
BRDA:381,34,1,0
BRDA:382,35,0,0
BRDA:382,35,1,0
BRDA:382,36,0,0
BRDA:382,36,1,0
BRDA:385,37,0,0
BRDA:385,37,1,0
BRDA:387,38,0,0
BRDA:387,38,1,0
BRDA:389,39,0,0
BRDA:389,39,1,0
BRDA:395,40,0,0
BRDA:395,40,1,0
BRDA:421,41,0,0
BRDA:421,41,1,0
BRDA:427,42,0,0
BRDA:427,42,1,0
BRDA:430,43,0,0
BRDA:430,43,1,0
BRDA:445,44,0,0
BRDA:445,44,1,0
BRF:90
BRH:0
end_of_record
TN:
SF:src\store\index.js
FNF:0
FNH:0
DA:7,0
LF:1
LH:0
BRF:0
BRH:0
end_of_record
TN:
SF:src\styles\theme.js
FNF:0
FNH:0
DA:4,3
DA:24,3
LF:2
LH:2
BRF:0
BRH:0
end_of_record
